
ROM used: 4766 (19%)
          4766 (19%) including unused fragments

          1 Average locations per line
          4 Average locations per statement

RAM used: 387 (19%) at main() level
          442 (22%) worst case

Stack used: 13 worst case (out of 31 total available)

Lines Stmts  %   Files
----- ----- ---  -----
  200    47   4  IncuScopeStepperPIC.c
  413     0   0  ..\..\..\..\Program Files\PICC\devices\18F2455.h
 1273   359  33  ..\..\..\..\Program Files\PICC\drivers\stdlib.h
   28     0   0  ..\..\..\..\Program Files\PICC\drivers\stddef.h
  409   121  11  ..\..\..\..\Program Files\PICC\drivers\string.h
   28     0   0  ..\..\..\..\Program Files\PICC\drivers\ctype.h
  222     0   0  ..\..\..\..\Program Files\PICC\drivers\pic18_usb.h
  328     0   0  ..\..\..\..\Program Files\PICC\drivers\usb_hw_layer.h
  237     0   0  IncuScope_HIDdesc64.h
 1063     0   0  ..\..\..\..\Program Files\PICC\drivers\usb.h
  808   246  23  ..\..\..\..\Program Files\PICC\drivers\usb.c
 1281   320  29  ..\..\..\..\Program Files\PICC\drivers\pic18_usb.c
----- -----
 6290  1093 Total

Page ROM  %  RAM   Vol Diff  Functions:
---- --- --- ---   --- ----  ----------
0     40   0   1             @delay_ms1
0     32   0   0             @const426
0     48   1   0             @const430
0     48   1   0             @const434
0     18   0   0             @const436
0     18   0   0             @const439
0     58   1   0             @const442
0     18   0   0             @const444
0     18   0   0             @const446
0     34   0   0             @const450
0     48   1   0             @const453
0     78   1   3   133  4.3  usb_kbhit
0     30   0   5             @MUL1616
0     78   1   3   133  4.3  usb_tbe
0     36   0   1   134  2.5  usb_detach
0     34   0   0   136  2.2  usb_attach
0      6   0   0    16  1.0  usb_init_cs
0     36   0   1   346  4.6  usb_task
0     14   0   0    61  2.5  usb_init
0    266   3   7  1083  5.4  usb_flush_in
0    220   2   7   899  4.9  usb_flush_out
0    264   3  12   632  5.7  usb_get_packet_buffer
0     64   1   5   145  3.5  usb_get_packet
0     90   1   4   251  4.6  usb_stall_ep
0     88   1   4   258  4.6  usb_unstall_ep
0    106   1   5   360  5.8  usb_endpoint_stalled
0     22   0   1    88  2.7  usb_set_address
0    418   4  10  1722  9.8  usb_set_configured
0     96   1   3   192  3.2  usb_disable_endpoint
0     22   0   1    93  2.9  usb_disable_endpoints
0      4   0   0    39  2.0  usb_clear_trn
0    126   1   2   638  6.6  usb_isr
0      6   0   0    43  2.0  usb_isr_sof
0     42   0   0   357  4.2  usb_isr_rst
0     32   0   0   508  4.0  usb_init_ep0_setup
0      8   0   0    74  2.8  usb_isr_uerr
0     10   0   0    82  2.8  usb_isr_uidle
0     16   0   0   102  3.3  usb_isr_activity
0     14   0   0   151  3.9  usb_isr_stall
0      6   0   1    30  1.7  usb_request_send_response
0      6   0   0    22  1.2  usb_request_stall
0    396   4   5  2031  7.9  usb_isr_tok_dne
0      8   0   0    29  1.9  usb_enumerated
0    196   2  17   803 12.2  usb_gets
0     36   0   3   231  4.0  usb_token_reset
0     68   1   3   267  5.9  usb_endpoint_is_valid
0     24   0   1   152  3.0  usb_isr_tok_in_dne
0      6   0   1    48  1.9  usb_isr_tok_out_dne
0     52   1   0   336  5.5  usb_isr_tok_setup_dne
0    166   2   0  1454  8.3  usb_isr_tkn_setup_StandardDevice
0    150   2   3   993  7.8  usb_isr_tkn_setup_StandardInterface
0     96   1   0   753  5.8  usb_isr_tkn_setup_StandardEndpoint
0     16   0   0   105  3.8  usb_isr_tkn_setup_ClassInterface
0    214   2   0  1492  8.8  usb_Get_Descriptor
0     14   0   0    76  1.8  usb_finish_set_address
0    110   1   4   689  7.1  usb_copy_desc_seg_to_ep
0     34   0   0             @goto12230
0    170   2   0   553  3.3  MAIN
0     82   1   1   396  6.1  ExecuteCmd
0    140   1   1   265  4.1  pulse

Program metrics:
    Functions               47
    Statements              1093
    Comments                3064
    Volume (V)              35890
    Difficilty (D)          213.4
    Effort to implement (E) 7660222
    Time to implement (T)   118 hours, 13 minutes
    Est Delivered Bugs (B)  13
    Cyclomatic Complexity   124
    Maintainability (MI)    82

 Segment     Used  Free
-----------  ----  ----
00000-00002     4  0  
00004-00006     4  0  
00008-000AC   166  0  
000AE-05FFE  4592  19810  



