
ROM used: 5094 (21%)
          5094 (21%) including unused fragments

          1 Average locations per line
          4 Average locations per statement

RAM used: 624 (30%) at main() level
          674 (33%) worst case

Stack used: 11 worst case (out of 24 total available)

Lines Stmts  %   Files
----- ----- ---  -----
  205    96   8  IncuScope.c
  380     0   0  ..\..\..\Program Files\PICC\devices\18F2455.h
  893   380  32  ..\..\..\Program Files\PICC\drivers\stdlib.h
   28     0   0  ..\..\..\Program Files\PICC\drivers\stddef.h
  417   126  11  ..\..\..\Program Files\PICC\drivers\string.h
   28     0   0  ..\..\..\Program Files\PICC\drivers\ctype.h
 1236   321  27  ..\..\..\Program Files\PICC\drivers\pic18_usb.h
  828     0   0  ..\..\..\Program Files\PICC\drivers\usb.h
  237     0   0  IncuScope_HIDdesc64.h
  912   247  21  ..\..\..\Program Files\PICC\drivers\usb.c
----- -----
 5164  1170 Total

Page ROM  %  RAM   Vol Diff  Functions:
---- --- --- ---   --- ----  ----------
0     40   0   1             @delay_ms1
0     84   1  14             @MUL3232
0     32   0   0             @const378
0     66   1   0             @const382
0     40   0   1   149  2.6  usb_detach
0     34   0   0   138  2.1  usb_attach
0     36   0   1   346  4.6  usb_task
0     14   0   0    61  2.5  usb_init
0    222   2   7  1224  5.9  usb_flush_in
0    178   2  14   584  7.5  usb_put_packet
0    230   2   7   940  5.4  usb_flush_out
0    200   2  13   715  6.4  usb_get_packet_buffer
0     64   1   5   138  3.5  usb_get_packet
0     68   1   4   235  4.5  usb_stall_ep
0     66   1   4   242  4.6  usb_unstall_ep
0     84   1   3   343  5.8  usb_endpoint_stalled
0     22   0   1    88  2.7  usb_set_address
0    402   4  10  1575  8.9  usb_set_configured
0    106   1   0   448  3.7  usb_isr
0      6   0   0    25  1.2  usb_isr_sof
0     44   0   3   142  3.9  usb_disable_endpoints
0     42   0   0   318  4.6  usb_isr_rst
0     30   0   0   343  3.1  usb_init_ep0_setup
0      8   0   0    47  1.5  usb_isr_uerr
0     10   0   0    54  1.5  usb_isr_uidle
0     10   0   0    54  1.5  usb_isr_activity
0     14   0   0   147  3.4  usb_isr_stall
0    202   2   2  1217  7.3  usb_isr_tok_dne
0      6   0   1    25  1.6  usb_request_send_response
0      6   0   0    24  0.9  usb_request_stall
0     48   0   0             @const502
0     18   0   0             @const504
0     18   0   0             @const507
0     58   1   0             @const510
0     18   0   0             @const512
0     34   0   0             @const518
0     48   0   0             @const521
0    410   4  21  1041 11.3  usb_puts
0    222   2  18   772 11.0  usb_gets
0     36   0   3   222  3.9  usb_token_reset
0     78   1   4   201  4.9  usb_endpoint_is_valid
0     24   0   1   152  3.0  usb_isr_tok_in_dne
0     42   0   1   102  2.9  usb_isr_tok_out_dne
0     42   0   0   310  5.4  usb_isr_tok_setup_dne
0    164   2   0  1131  8.2  usb_isr_tkn_setup_StandardDevice
0    158   2   3   750  7.7  usb_isr_tkn_setup_StandardInterface
0     96   1   0   519  5.2  usb_isr_tkn_setup_StandardEndpoint
0     16   0   0    83  3.2  usb_isr_tkn_setup_ClassInterface
0    238   2   1  1188  8.3  usb_Get_Descriptor
0     14   0   0    76  1.8  usb_finish_set_address
0    150   1   5   648  7.2  usb_copy_desc_seg_to_ep
0     34   0   0             @goto12098
0    144   1   0   407  3.3  MAIN
0    390   4   1  2480  6.5  ExecuteCmd
0     24   0   0   115  1.7  TurnLEDsOff
0     50   0   2   274  5.8  DriveMotor

Program metrics:
    Functions               44
    Statements              1170
    Comments                2512
    Volume (V)              36964
    Difficilty (D)          206.3
    Effort to implement (E) 7627069
    Time to implement (T)   117 hours, 42 minutes
    Est Delivered Bugs (B)  13
    Cyclomatic Complexity   140
    Maintainability (MI)    44

 Segment     Used  Free
-----------  ----  ----
00000-00002     4  0  
00004-00006     0  4  
00008-0009C   150  0  
0009E-05FFE  4940  19478  



